{"numFailedTestSuites":0,"numFailedTests":0,"numPassedTestSuites":1,"numPassedTests":4,"numPendingTestSuites":0,"numPendingTests":0,"numRuntimeErrorTestSuites":0,"numTodoTests":0,"numTotalTestSuites":1,"numTotalTests":4,"openHandles":[],"snapshot":{"added":0,"didUpdate":false,"failure":false,"filesAdded":0,"filesRemoved":0,"filesRemovedList":[],"filesUnmatched":0,"filesUpdated":0,"matched":0,"total":0,"unchecked":0,"uncheckedKeysByFile":[],"unmatched":0,"updated":0},"startTime":1762752518721,"success":true,"testResults":[{"assertionResults":[{"ancestorTitles":["ContactPage Component"],"duration":57,"failing":false,"failureDetails":[],"failureMessages":[],"fullName":"ContactPage Component renders contact info and images","invocations":1,"location":null,"numPassingAsserts":4,"retryReasons":[],"startAt":1762752519757,"status":"passed","title":"renders contact info and images"},{"ancestorTitles":["ContactPage Component"],"duration":2494,"failing":false,"failureDetails":[],"failureMessages":[],"fullName":"ContactPage Component submits form with valid data and shows success toast","invocations":1,"location":null,"numPassingAsserts":3,"retryReasons":[],"startAt":1762752519816,"status":"passed","title":"submits form with valid data and shows success toast"},{"ancestorTitles":["ContactPage Component"],"duration":2574,"failing":false,"failureDetails":[],"failureMessages":[],"fullName":"ContactPage Component shows error toast when submission throws during success toast","invocations":1,"location":null,"numPassingAsserts":2,"retryReasons":[],"startAt":1762752522311,"status":"passed","title":"shows error toast when submission throws during success toast"},{"ancestorTitles":["ContactPage Component"],"duration":2589,"failing":false,"failureDetails":[],"failureMessages":[],"fullName":"ContactPage Component uses getFriendlyMessage result in error toast description","invocations":1,"location":null,"numPassingAsserts":1,"retryReasons":[],"startAt":1762752524885,"status":"passed","title":"uses getFriendlyMessage result in error toast description"}],"endTime":1762752527476,"message":"","name":"D:\\agilityio-training\\nextjs-training\\practice-one\\SaaSCandy\\src\\features\\Contact\\__tests__\\index.test.tsx","startTime":1762752519234,"status":"passed","summary":""}],"wasInterrupted":false}
