{"numFailedTestSuites":0,"numFailedTests":0,"numPassedTestSuites":1,"numPassedTests":3,"numPendingTestSuites":0,"numPendingTests":0,"numRuntimeErrorTestSuites":0,"numTodoTests":0,"numTotalTestSuites":1,"numTotalTests":3,"openHandles":[],"snapshot":{"added":0,"didUpdate":false,"failure":false,"filesAdded":0,"filesRemoved":0,"filesRemovedList":[],"filesUnmatched":0,"filesUpdated":0,"matched":0,"total":0,"unchecked":0,"uncheckedKeysByFile":[],"unmatched":0,"updated":0},"startTime":1762751361234,"success":true,"testResults":[{"assertionResults":[{"ancestorTitles":["ResetPasswordPage"],"duration":32,"failing":false,"failureDetails":[],"failureMessages":[],"fullName":"ResetPasswordPage renders loading spinner initially","invocations":1,"location":null,"numPassingAsserts":2,"retryReasons":[],"startAt":1762751362280,"status":"passed","title":"renders loading spinner initially"},{"ancestorTitles":["ResetPasswordPage"],"duration":58,"failing":false,"failureDetails":[],"failureMessages":[],"fullName":"ResetPasswordPage renders ResetPasswordPageContent after suspense resolves","invocations":1,"location":null,"numPassingAsserts":1,"retryReasons":[],"startAt":1762751362313,"status":"passed","title":"renders ResetPasswordPageContent after suspense resolves"},{"ancestorTitles":["ResetPasswordPage"],"duration":4,"failing":false,"failureDetails":[],"failureMessages":[],"fullName":"ResetPasswordPage spinner has correct styling","invocations":1,"location":null,"numPassingAsserts":1,"retryReasons":[],"startAt":1762751362371,"status":"passed","title":"spinner has correct styling"}],"endTime":1762751362377,"message":"","name":"D:\\agilityio-training\\nextjs-training\\practice-one\\SaaSCandy\\src\\app\\(auth)\\reset-password\\__tests__\\page.test.tsx","startTime":1762751361851,"status":"passed","summary":""}],"wasInterrupted":false}
